# JRE version: Java(TM) SE Runtime Environment (8.0_05-b13) (build 1.8.0_05-b13)
# Java VM: Java HotSpot(TM) 64-Bit Server VM (25.5-b02 mixed mode windows-amd64 compressed oops)
Heap:
 PSYoungGen      total 1024K, used 929K [0x00000000eb300000, 0x00000000eb500000, 0x0000000100000000)
  eden space 512K, 84% used [0x00000000eb300000,0x00000000eb36c410,0x00000000eb380000)
  from space 512K, 96% used [0x00000000eb380000,0x00000000eb3fc010,0x00000000eb400000)
  to   space 512K, 0% used [0x00000000eb480000,0x00000000eb480000,0x00000000eb500000)
 ParOldGen       total 64000K, used 288K [0x00000000c1800000, 0x00000000c5680000, 0x00000000eb300000)
  object space 64000K, 0% used [0x00000000c1800000,0x00000000c1848020,0x00000000c5680000)
 Metaspace       used 4412K, capacity 4798K, committed 4992K, reserved 1056768K
  class space    used 509K, capacity 573K, committed 640K, reserved 1048576K
GC Heap History (6 events):
Event: 0.354 GC heap before
{Heap before GC invocations=1 (full 0):
 PSYoungGen      total 1024K, used 511K [0x00000000eb300000, 0x00000000eb480000, 0x0000000100000000)
  eden space 512K, 99% used [0x00000000eb300000,0x00000000eb37fd38,0x00000000eb380000)
  from space 512K, 0% used [0x00000000eb400000,0x00000000eb400000,0x00000000eb480000)
  to   space 512K, 0% used [0x00000000eb380000,0x00000000eb380000,0x00000000eb400000)
 ParOldGen       total 64000K, used 0K [0x00000000c1800000, 0x00000000c5680000, 0x00000000eb300000)
  object space 64000K, 0% used [0x00000000c1800000,0x00000000c1800000,0x00000000c5680000)
 Metaspace       used 2621K, capacity 4566K, committed 4864K, reserved 1056768K
  class space    used 289K, capacity 390K, committed 512K, reserved 1048576K
Event: 0.355 GC heap after
Heap after GC invocations=1 (full 0):
 PSYoungGen      total 1024K, used 400K [0x00000000eb300000, 0x00000000eb480000, 0x0000000100000000)
  eden space 512K, 0% used [0x00000000eb300000,0x00000000eb300000,0x00000000eb380000)
  from space 512K, 78% used [0x00000000eb380000,0x00000000eb3e4010,0x00000000eb400000)
  to   space 512K, 0% used [0x00000000eb400000,0x00000000eb400000,0x00000000eb480000)
 ParOldGen       total 64000K, used 8K [0x00000000c1800000, 0x00000000c5680000, 0x00000000eb300000)
  object space 64000K, 0% used [0x00000000c1800000,0x00000000c1802000,0x00000000c5680000)
 Metaspace       used 2621K, capacity 4566K, committed 4864K, reserved 1056768K
  class space    used 289K, capacity 390K, committed 512K, reserved 1048576K
}
Event: 0.413 GC heap before
{Heap before GC invocations=2 (full 0):
 PSYoungGen      total 1024K, used 912K [0x00000000eb300000, 0x00000000eb480000, 0x0000000100000000)
  eden space 512K, 100% used [0x00000000eb300000,0x00000000eb380000,0x00000000eb380000)
  from space 512K, 78% used [0x00000000eb380000,0x00000000eb3e4010,0x00000000eb400000)
  to   space 512K, 0% used [0x00000000eb400000,0x00000000eb400000,0x00000000eb480000)
 ParOldGen       total 64000K, used 8K [0x00000000c1800000, 0x00000000c5680000, 0x00000000eb300000)
  object space 64000K, 0% used [0x00000000c1800000,0x00000000c1802000,0x00000000c5680000)
 Metaspace       used 3509K, capacity 4600K, committed 4864K, reserved 1056768K
  class space    used 387K, capacity 424K, committed 512K, reserved 1048576K
Event: 0.414 GC heap after
Heap after GC invocations=2 (full 0):
 PSYoungGen      total 1024K, used 496K [0x00000000eb300000, 0x00000000eb500000, 0x0000000100000000)
  eden space 512K, 0% used [0x00000000eb300000,0x00000000eb300000,0x00000000eb380000)
  from space 512K, 96% used [0x00000000eb400000,0x00000000eb47c010,0x00000000eb480000)
  to   space 512K, 0% used [0x00000000eb380000,0x00000000eb380000,0x00000000eb400000)
 ParOldGen       total 64000K, used 152K [0x00000000c1800000, 0x00000000c5680000, 0x00000000eb300000)
  object space 64000K, 0% used [0x00000000c1800000,0x00000000c1826000,0x00000000c5680000)
 Metaspace       used 3509K, capacity 4600K, committed 4864K, reserved 1056768K
  class space    used 387K, capacity 424K, committed 512K, reserved 1048576K
}
Event: 0.469 GC heap before
{Heap before GC invocations=3 (full 0):
 PSYoungGen      total 1024K, used 1008K [0x00000000eb300000, 0x00000000eb500000, 0x0000000100000000)
  eden space 512K, 100% used [0x00000000eb300000,0x00000000eb380000,0x00000000eb380000)
  from space 512K, 96% used [0x00000000eb400000,0x00000000eb47c010,0x00000000eb480000)
  to   space 512K, 0% used [0x00000000eb380000,0x00000000eb380000,0x00000000eb400000)
 ParOldGen       total 64000K, used 152K [0x00000000c1800000, 0x00000000c5680000, 0x00000000eb300000)
  object space 64000K, 0% used [0x00000000c1800000,0x00000000c1826000,0x00000000c5680000)
 Metaspace       used 3977K, capacity 4680K, committed 4864K, reserved 1056768K
  class space    used 442K, capacity 484K, committed 512K, reserved 1048576K
Event: 0.471 GC heap after
Heap after GC invocations=3 (full 0):
 PSYoungGen      total 1024K, used 496K [0x00000000eb300000, 0x00000000eb500000, 0x0000000100000000)
  eden space 512K, 0% used [0x00000000eb300000,0x00000000eb300000,0x00000000eb380000)
  from space 512K, 96% used [0x00000000eb380000,0x00000000eb3fc010,0x00000000eb400000)
  to   space 512K, 0% used [0x00000000eb480000,0x00000000eb480000,0x00000000eb500000)
 ParOldGen       total 64000K, used 288K [0x00000000c1800000, 0x00000000c5680000, 0x00000000eb300000)
  object space 64000K, 0% used [0x00000000c1800000,0x00000000c1848020,0x00000000c5680000)
 Metaspace       used 3977K, capacity 4680K, committed 4864K, reserved 1056768K
  class space    used 442K, capacity 484K, committed 512K, reserved 1048576K
}

